<?xml version="1.0" encoding="UTF-8"?>
<testng-results skipped="0" failed="0" ignored="0" total="1" passed="1">
  <reporter-output>
  </reporter-output>
  <suite name="Default suite" duration-ms="22898" started-at="2019-02-06T14:38:00Z" finished-at="2019-02-06T14:38:23Z">
    <groups>
    </groups>
    <test name="Default test" duration-ms="22898" started-at="2019-02-06T14:38:00Z" finished-at="2019-02-06T14:38:23Z">
      <class name="com.Testcases.ELTC_015">
        <test-method status="PASS" signature="setUpBeforeClass()[pri:0, instance:com.Testcases.ELTC_015@3bfdc050]" name="setUpBeforeClass" is-config="true" duration-ms="11" started-at="2019-02-06T14:38:00Z" finished-at="2019-02-06T14:38:00Z">
          <reporter-output>
          </reporter-output>
        </test-method> <!-- setUpBeforeClass -->
        <test-method status="PASS" signature="setUp()[pri:0, instance:com.Testcases.ELTC_015@3bfdc050]" name="setUp" is-config="true" duration-ms="10456" started-at="2019-02-06T14:38:01Z" finished-at="2019-02-06T14:38:11Z">
          <reporter-output>
          </reporter-output>
        </test-method> <!-- setUp -->
        <test-method status="PASS" signature="validLogoutTest()[pri:0, instance:com.Testcases.ELTC_015@3bfdc050]" name="validLogoutTest" duration-ms="10633" started-at="2019-02-06T14:38:11Z" finished-at="2019-02-06T14:38:22Z">
          <reporter-output>
          </reporter-output>
        </test-method> <!-- validLogoutTest -->
        <test-method status="PASS" signature="tearDown()[pri:0, instance:com.Testcases.ELTC_015@3bfdc050]" name="tearDown" is-config="true" duration-ms="1771" started-at="2019-02-06T14:38:22Z" finished-at="2019-02-06T14:38:23Z">
          <reporter-output>
          </reporter-output>
        </test-method> <!-- tearDown -->
      </class> <!-- com.Testcases.ELTC_015 -->
    </test> <!-- Default test -->
  </suite> <!-- Default suite -->
</testng-results>
