<?xml version="1.0" encoding="UTF-8"?>
<testng-results skipped="0" failed="0" ignored="1" total="4" passed="3">
  <reporter-output>
  </reporter-output>
  <suite name="Default suite" duration-ms="30944" started-at="2019-02-08T04:55:40Z" finished-at="2019-02-08T04:56:10Z">
    <groups>
    </groups>
    <test name="Default test" duration-ms="30944" started-at="2019-02-08T04:55:40Z" finished-at="2019-02-08T04:56:10Z">
      <class name="com.Testcases.ELTC_043_Assignments">
        <test-method status="PASS" signature="setUpBeforeClass()[pri:0, instance:com.Testcases.ELTC_043_Assignments@42d80b78]" name="setUpBeforeClass" is-config="true" duration-ms="12" started-at="2019-02-08T04:55:40Z" finished-at="2019-02-08T04:55:40Z">
          <reporter-output>
          </reporter-output>
        </test-method> <!-- setUpBeforeClass -->
        <test-method status="PASS" signature="setUp()[pri:0, instance:com.Testcases.ELTC_043_Assignments@42d80b78]" name="setUp" duration-ms="9922" started-at="2019-02-08T04:55:40Z" finished-at="2019-02-08T04:55:50Z">
          <reporter-output>
          </reporter-output>
        </test-method> <!-- setUp -->
        <test-method status="PASS" signature="coursecatalog()[pri:1, instance:com.Testcases.ELTC_043_Assignments@42d80b78]" name="coursecatalog" duration-ms="6269" started-at="2019-02-08T04:55:50Z" finished-at="2019-02-08T04:55:56Z">
          <reporter-output>
          </reporter-output>
        </test-method> <!-- coursecatalog -->
        <test-method status="PASS" signature="assignmentdetails()[pri:2, instance:com.Testcases.ELTC_043_Assignments@42d80b78]" name="assignmentdetails" duration-ms="12900" started-at="2019-02-08T04:55:56Z" finished-at="2019-02-08T04:56:09Z">
          <reporter-output>
          </reporter-output>
        </test-method> <!-- assignmentdetails -->
        <test-method status="PASS" signature="tearDown()[pri:0, instance:com.Testcases.ELTC_043_Assignments@42d80b78]" name="tearDown" is-config="true" duration-ms="1771" started-at="2019-02-08T04:56:09Z" finished-at="2019-02-08T04:56:10Z">
          <reporter-output>
          </reporter-output>
        </test-method> <!-- tearDown -->
      </class> <!-- com.Testcases.ELTC_043_Assignments -->
    </test> <!-- Default test -->
  </suite> <!-- Default suite -->
</testng-results>
