<?xml version="1.0" encoding="UTF-8"?>
<!-- Generated by org.testng.reporters.JUnitXMLReporter -->
<testsuite hostname="DESKTOP-7U0L1HJ" ignored="1" name="Default test" tests="3" failures="0" timestamp="08 Feb 2019 04:56:11 GMT" time="30.944" errors="0">
  <testcase name="setUp" time="9.922" classname="com.Testcases.ELTC_043_Assignments"/>
  <testcase name="coursecatalog" time="6.269" classname="com.Testcases.ELTC_043_Assignments"/>
  <testcase name="assignmentdetails" time="12.9" classname="com.Testcases.ELTC_043_Assignments"/>
  <testcase name="subscribecrc" time="0.0" classname="com.Testcases.ELTC_043_Assignments">
    <ignored/>
  </testcase> <!-- subscribecrc -->
</testsuite> <!-- Default test -->
